Build started 2/28/2015 11:58:48 AM.
     1>Project "C:\Users\Sean\Documents\GitHub\HackIllinois2015\OpenCV\UserInterface\UserInterface\UserInterface.vcxproj" on node 2 (Build target(s)).
     1>ClCompile:
         C:\Program Files (x86)\Microsoft Visual Studio 12.0\VC\bin\CL.exe /c /IC:\Users\Sean\Documents\opencv\build\include /ZI /nologo /W3 /WX- /Od /Oy- /D WIN32 /D _DEBUG /D _CONSOLE /D _LIB /D _UNICODE /D UNICODE /Gm /EHsc /RTC1 /MDd /GS /fp:precise /Zc:wchar_t /Zc:forScope /Fo"Debug\\" /Fd"Debug\vc120.pdb" /Gd /TP /analyze- /errorReport:prompt Source.cpp
         Source.cpp
     1>c:\users\sean\documents\github\hackillinois2015\opencv\userinterface\userinterface\source.cpp(28): warning C4244: 'argument' : conversion from 'double' to 'int', possible loss of data
     1>c:\users\sean\documents\github\hackillinois2015\opencv\userinterface\userinterface\source.cpp(29): warning C4244: 'argument' : conversion from 'double' to 'int', possible loss of data
     1>c:\users\sean\documents\github\hackillinois2015\opencv\userinterface\userinterface\source.cpp(48): warning C4244: 'argument' : conversion from 'double' to 'int', possible loss of data
     1>c:\users\sean\documents\github\hackillinois2015\opencv\userinterface\userinterface\source.cpp(57): warning C4244: 'argument' : conversion from 'double' to 'int', possible loss of data
     1>c:\users\sean\documents\github\hackillinois2015\opencv\userinterface\userinterface\source.cpp(58): warning C4244: 'argument' : conversion from 'double' to 'int', possible loss of data
     1>c:\users\sean\documents\github\hackillinois2015\opencv\userinterface\userinterface\source.cpp(59): warning C4244: 'argument' : conversion from 'double' to 'int', possible loss of data
     1>c:\users\sean\documents\github\hackillinois2015\opencv\userinterface\userinterface\source.cpp(60): warning C4244: 'argument' : conversion from 'double' to 'int', possible loss of data
     1>c:\users\sean\documents\github\hackillinois2015\opencv\userinterface\userinterface\source.cpp(61): warning C4244: 'argument' : conversion from 'double' to 'int', possible loss of data
     1>c:\users\sean\documents\github\hackillinois2015\opencv\userinterface\userinterface\source.cpp(62): warning C4244: 'argument' : conversion from 'double' to 'int', possible loss of data
     1>c:\users\sean\documents\github\hackillinois2015\opencv\userinterface\userinterface\source.cpp(63): warning C4244: 'argument' : conversion from 'double' to 'int', possible loss of data
     1>c:\users\sean\documents\github\hackillinois2015\opencv\userinterface\userinterface\source.cpp(64): warning C4244: 'argument' : conversion from 'double' to 'int', possible loss of data
     1>c:\users\sean\documents\github\hackillinois2015\opencv\userinterface\userinterface\source.cpp(65): warning C4244: 'argument' : conversion from 'double' to 'int', possible loss of data
     1>c:\users\sean\documents\github\hackillinois2015\opencv\userinterface\userinterface\source.cpp(66): warning C4244: 'argument' : conversion from 'double' to 'int', possible loss of data
     1>c:\users\sean\documents\github\hackillinois2015\opencv\userinterface\userinterface\source.cpp(67): warning C4244: 'argument' : conversion from 'double' to 'int', possible loss of data
     1>c:\users\sean\documents\github\hackillinois2015\opencv\userinterface\userinterface\source.cpp(68): warning C4244: 'argument' : conversion from 'double' to 'int', possible loss of data
     1>c:\users\sean\documents\github\hackillinois2015\opencv\userinterface\userinterface\source.cpp(69): warning C4244: 'argument' : conversion from 'double' to 'int', possible loss of data
     1>c:\users\sean\documents\github\hackillinois2015\opencv\userinterface\userinterface\source.cpp(70): warning C4244: 'argument' : conversion from 'double' to 'int', possible loss of data
     1>c:\users\sean\documents\github\hackillinois2015\opencv\userinterface\userinterface\source.cpp(71): warning C4244: 'argument' : conversion from 'double' to 'int', possible loss of data
     1>c:\users\sean\documents\github\hackillinois2015\opencv\userinterface\userinterface\source.cpp(72): warning C4244: 'argument' : conversion from 'double' to 'int', possible loss of data
     1>c:\users\sean\documents\github\hackillinois2015\opencv\userinterface\userinterface\source.cpp(73): warning C4244: 'argument' : conversion from 'double' to 'int', possible loss of data
     1>c:\users\sean\documents\github\hackillinois2015\opencv\userinterface\userinterface\source.cpp(74): warning C4244: 'argument' : conversion from 'double' to 'int', possible loss of data
     1>c:\users\sean\documents\github\hackillinois2015\opencv\userinterface\userinterface\source.cpp(75): warning C4244: 'argument' : conversion from 'double' to 'int', possible loss of data
     1>c:\users\sean\documents\github\hackillinois2015\opencv\userinterface\userinterface\source.cpp(76): warning C4244: 'argument' : conversion from 'double' to 'int', possible loss of data
     1>c:\users\sean\documents\github\hackillinois2015\opencv\userinterface\userinterface\source.cpp(104): warning C4244: 'argument' : conversion from 'double' to 'int', possible loss of data
     1>c:\users\sean\documents\github\hackillinois2015\opencv\userinterface\userinterface\source.cpp(111): warning C4244: 'argument' : conversion from 'double' to 'int', possible loss of data
       Link:
         C:\Program Files (x86)\Microsoft Visual Studio 12.0\VC\bin\link.exe /ERRORREPORT:PROMPT /OUT:"C:\Users\Sean\Documents\GitHub\HackIllinois2015\OpenCV\UserInterface\Debug\UserInterface.exe" /INCREMENTAL /NOLOGO /LIBPATH:C:\Users\Sean\Documents\opencv\build\x86\vc12\lib /LIBPATH:C:\Users\Sean\Documents\opencv\build\x86\vc12\staticlib kernel32.lib user32.lib gdi32.lib winspool.lib comdlg32.lib advapi32.lib shell32.lib ole32.lib oleaut32.lib uuid.lib odbc32.lib odbccp32.lib opencv_core2410d.lib opencv_imgproc2410d.lib opencv_highgui2410d.lib opencv_ml2410d.lib opencv_video2410d.lib opencv_features2d2410d.lib opencv_calib3d2410d.lib opencv_objdetect2410d.lib opencv_flann2410d.lib kinect20.lib kernel32.lib user32.lib gdi32.lib winspool.lib comdlg32.lib advapi32.lib shell32.lib ole32.lib oleaut32.lib uuid.lib odbc32.lib odbccp32.lib /MANIFEST /MANIFESTUAC:"level='asInvoker' uiAccess='false'" /manifest:embed /DEBUG /PDB:"C:\Users\Sean\Documents\GitHub\HackIllinois2015\OpenCV\UserInterface\Debug\UserInterface.pdb" /SUBSYSTEM:CONSOLE /TLBID:1 /DYNAMICBASE /NXCOMPAT /IMPLIB:"C:\Users\Sean\Documents\GitHub\HackIllinois2015\OpenCV\UserInterface\Debug\UserInterface.lib" /MACHINE:X86 Debug\Source.obj
         UserInterface.vcxproj -> C:\Users\Sean\Documents\GitHub\HackIllinois2015\OpenCV\UserInterface\Debug\UserInterface.exe
     1>Done Building Project "C:\Users\Sean\Documents\GitHub\HackIllinois2015\OpenCV\UserInterface\UserInterface\UserInterface.vcxproj" (Build target(s)).

Build succeeded.

Time Elapsed 00:00:00.92
